<?xml version="1.0" encoding="UTF-8"?>
<!-- Generated by org.testng.reporters.JUnitReportReporter -->
<testsuite hostname="HP-VT4AJGH6PCH4" failures="0" tests="1" name="com.testcases.Baseclass" time="6.003" errors="0" timestamp="2023-09-08T17:57:38 IST" skipped="0">
  <testcase classname="com.testcases.Baseclass" name="setup" time="6.003"/>
  <system-out/>
</testsuite> <!-- com.testcases.Baseclass -->
