<?xml version="1.0" encoding="UTF-8"?>
<!-- Generated by org.testng.reporters.JUnitReportReporter -->
<testsuite hostname="HP-VT4AJGH6PCH4" failures="0" tests="1" name="com.testcases.BaseClass1" time="0.012" errors="0" timestamp="2023-09-15T15:13:07 IST" skipped="0">
  <testcase classname="com.testcases.BaseClass1" name="login" time="0.012"/>
  <system-out/>
</testsuite> <!-- com.testcases.BaseClass1 -->
