<?xml version="1.0" encoding="UTF-8"?>
<!-- Generated by org.testng.reporters.JUnitReportReporter -->
<testsuite hostname="HP-VT4AJGH6PCH4" failures="0" tests="2" name="com.testcases.static_webtable" time="13.891" errors="0" timestamp="2024-10-22T11:56:10 IST" skipped="1">
  <testcase classname="com.testcases.static_webtable" name="table2" time="13.891"/>
  <system-out/>
  <testcase classname="com.testcases.static_webtable" name="table1">
    <skipped/>
  </testcase> <!-- table1 -->
  <system-out/>
</testsuite> <!-- com.testcases.static_webtable -->
