<?xml version="1.0" encoding="UTF-8"?>
<!-- Generated by org.testng.reporters.JUnitReportReporter -->
<testsuite hostname="HP-VT4AJGH6PCH4" failures="0" tests="1" name="com.testcases.NewTest" time="0.022" errors="0" timestamp="2023-09-10T09:40:51 IST" skipped="0">
  <testcase classname="com.testcases.NewTest" name="f" time="0.022"/>
  <system-out/>
</testsuite> <!-- com.testcases.NewTest -->
